{"/Users/rodrigodiego/Documents/Projetos/DesignPatternBuilder/src/fluentSQL.js": {"path":"/Users/rodrigodiego/Documents/Projetos/DesignPatternBuilder/src/fluentSQL.js","all":false,"statementMap":{"0":{"start":{"line":1,"column":0},"end":{"line":1,"column":39}},"1":{"start":{"line":2,"column":0},"end":{"line":2,"column":18}},"2":{"start":{"line":3,"column":0},"end":{"line":3,"column":10}},"3":{"start":{"line":4,"column":0},"end":{"line":4,"column":16}},"4":{"start":{"line":5,"column":0},"end":{"line":5,"column":15}},"5":{"start":{"line":6,"column":0},"end":{"line":6,"column":17}},"6":{"start":{"line":7,"column":0},"end":{"line":7,"column":31}},"7":{"start":{"line":8,"column":0},"end":{"line":8,"column":34}},"8":{"start":{"line":9,"column":0},"end":{"line":9,"column":5}},"9":{"start":{"line":10,"column":0},"end":{"line":10,"column":0}},"10":{"start":{"line":11,"column":0},"end":{"line":11,"column":26}},"11":{"start":{"line":12,"column":0},"end":{"line":12,"column":49}},"12":{"start":{"line":13,"column":0},"end":{"line":13,"column":5}},"13":{"start":{"line":14,"column":0},"end":{"line":14,"column":0}},"14":{"start":{"line":15,"column":0},"end":{"line":15,"column":16}},"15":{"start":{"line":16,"column":0},"end":{"line":16,"column":26}},"16":{"start":{"line":17,"column":0},"end":{"line":17,"column":0}},"17":{"start":{"line":18,"column":0},"end":{"line":18,"column":20}},"18":{"start":{"line":19,"column":0},"end":{"line":19,"column":5}},"19":{"start":{"line":20,"column":0},"end":{"line":20,"column":0}},"20":{"start":{"line":21,"column":0},"end":{"line":21,"column":19}},"21":{"start":{"line":22,"column":0},"end":{"line":22,"column":29}},"22":{"start":{"line":23,"column":0},"end":{"line":23,"column":0}},"23":{"start":{"line":24,"column":0},"end":{"line":24,"column":20}},"24":{"start":{"line":25,"column":0},"end":{"line":25,"column":5}},"25":{"start":{"line":26,"column":0},"end":{"line":26,"column":0}},"26":{"start":{"line":27,"column":0},"end":{"line":27,"column":18}},"27":{"start":{"line":28,"column":0},"end":{"line":28,"column":62}},"28":{"start":{"line":29,"column":0},"end":{"line":29,"column":61}},"29":{"start":{"line":30,"column":0},"end":{"line":30,"column":26}},"30":{"start":{"line":31,"column":0},"end":{"line":31,"column":38}},"31":{"start":{"line":32,"column":0},"end":{"line":32,"column":0}},"32":{"start":{"line":33,"column":0},"end":{"line":33,"column":53}},"33":{"start":{"line":34,"column":0},"end":{"line":34,"column":0}},"34":{"start":{"line":35,"column":0},"end":{"line":35,"column":20}},"35":{"start":{"line":36,"column":0},"end":{"line":36,"column":5}},"36":{"start":{"line":37,"column":0},"end":{"line":37,"column":0}},"37":{"start":{"line":38,"column":0},"end":{"line":38,"column":20}},"38":{"start":{"line":39,"column":0},"end":{"line":39,"column":29}},"39":{"start":{"line":40,"column":0},"end":{"line":40,"column":0}},"40":{"start":{"line":41,"column":0},"end":{"line":41,"column":20}},"41":{"start":{"line":42,"column":0},"end":{"line":42,"column":5}},"42":{"start":{"line":43,"column":0},"end":{"line":43,"column":0}},"43":{"start":{"line":44,"column":0},"end":{"line":44,"column":28}},"44":{"start":{"line":45,"column":0},"end":{"line":45,"column":60}},"45":{"start":{"line":46,"column":0},"end":{"line":46,"column":5}},"46":{"start":{"line":47,"column":0},"end":{"line":47,"column":0}},"47":{"start":{"line":48,"column":0},"end":{"line":48,"column":25}},"48":{"start":{"line":49,"column":0},"end":{"line":49,"column":51}},"49":{"start":{"line":50,"column":0},"end":{"line":50,"column":54}},"50":{"start":{"line":51,"column":0},"end":{"line":51,"column":9}},"51":{"start":{"line":52,"column":0},"end":{"line":52,"column":0}},"52":{"start":{"line":53,"column":0},"end":{"line":53,"column":19}},"53":{"start":{"line":54,"column":0},"end":{"line":54,"column":5}},"54":{"start":{"line":55,"column":0},"end":{"line":55,"column":0}},"55":{"start":{"line":56,"column":0},"end":{"line":56,"column":26}},"56":{"start":{"line":57,"column":0},"end":{"line":57,"column":29}},"57":{"start":{"line":58,"column":0},"end":{"line":58,"column":44}},"58":{"start":{"line":59,"column":0},"end":{"line":59,"column":44}},"59":{"start":{"line":60,"column":0},"end":{"line":60,"column":75}},"60":{"start":{"line":61,"column":0},"end":{"line":61,"column":0}},"61":{"start":{"line":62,"column":0},"end":{"line":62,"column":35}},"62":{"start":{"line":63,"column":0},"end":{"line":63,"column":8}},"63":{"start":{"line":64,"column":0},"end":{"line":64,"column":0}},"64":{"start":{"line":65,"column":0},"end":{"line":65,"column":25}},"65":{"start":{"line":66,"column":0},"end":{"line":66,"column":5}},"66":{"start":{"line":67,"column":0},"end":{"line":67,"column":0}},"67":{"start":{"line":68,"column":0},"end":{"line":68,"column":30}},"68":{"start":{"line":69,"column":0},"end":{"line":69,"column":42}},"69":{"start":{"line":70,"column":0},"end":{"line":70,"column":0}},"70":{"start":{"line":71,"column":0},"end":{"line":71,"column":45}},"71":{"start":{"line":72,"column":0},"end":{"line":72,"column":73}},"72":{"start":{"line":73,"column":0},"end":{"line":73,"column":10}},"73":{"start":{"line":74,"column":0},"end":{"line":74,"column":6}},"74":{"start":{"line":75,"column":0},"end":{"line":75,"column":0}},"75":{"start":{"line":76,"column":0},"end":{"line":76,"column":13}},"76":{"start":{"line":77,"column":0},"end":{"line":77,"column":26}},"77":{"start":{"line":78,"column":0},"end":{"line":78,"column":43}},"78":{"start":{"line":79,"column":0},"end":{"line":79,"column":52}},"79":{"start":{"line":80,"column":0},"end":{"line":80,"column":0}},"80":{"start":{"line":81,"column":0},"end":{"line":81,"column":58}},"81":{"start":{"line":82,"column":0},"end":{"line":82,"column":37}},"82":{"start":{"line":83,"column":0},"end":{"line":83,"column":0}},"83":{"start":{"line":84,"column":0},"end":{"line":84,"column":51}},"84":{"start":{"line":85,"column":0},"end":{"line":85,"column":0}},"85":{"start":{"line":86,"column":0},"end":{"line":86,"column":9}},"86":{"start":{"line":87,"column":0},"end":{"line":87,"column":0}},"87":{"start":{"line":88,"column":0},"end":{"line":88,"column":57}},"88":{"start":{"line":89,"column":0},"end":{"line":89,"column":26}},"89":{"start":{"line":90,"column":0},"end":{"line":90,"column":5}},"90":{"start":{"line":91,"column":0},"end":{"line":91,"column":1}}},"s":{"0":1,"1":8,"2":8,"3":8,"4":1,"5":1,"6":7,"7":7,"8":7,"9":1,"10":1,"11":1,"12":2,"13":2,"14":2,"15":2,"16":1,"17":1,"18":3,"19":3,"20":3,"21":3,"22":3,"23":3,"24":3,"25":3,"26":3,"27":3,"28":3,"29":3,"30":3,"31":3,"32":1,"33":1,"34":1,"35":1,"36":1,"37":1,"38":1,"39":1,"40":1,"41":1,"42":1,"43":1,"44":16,"45":16,"46":16,"47":16,"48":1,"49":13,"50":13,"51":13,"52":13,"53":13,"54":13,"55":13,"56":13,"57":39,"58":39,"59":1,"60":6,"61":6,"62":6,"63":4,"64":6,"65":2,"66":2,"67":2,"68":2,"69":2,"70":1,"71":6,"72":6,"73":16,"74":16,"75":16,"76":16,"77":13,"78":13,"79":13,"80":16,"81":6,"82":6,"83":6,"84":6,"85":6,"86":1,"87":1,"88":1,"89":1,"90":1},"branchMap":{"0":{"type":"branch","line":1,"loc":{"start":{"line":1,"column":0},"end":{"line":1,"column":38}},"locations":[{"start":{"line":1,"column":0},"end":{"line":1,"column":38}}]},"1":{"type":"branch","line":1,"loc":{"start":{"line":1,"column":21},"end":{"line":5,"column":13}},"locations":[{"start":{"line":1,"column":21},"end":{"line":5,"column":13}}]},"2":{"type":"branch","line":6,"loc":{"start":{"line":6,"column":12},"end":{"line":9,"column":5}},"locations":[{"start":{"line":6,"column":12},"end":{"line":9,"column":5}}]},"3":{"type":"branch","line":11,"loc":{"start":{"line":11,"column":14},"end":{"line":12,"column":36}},"locations":[{"start":{"line":11,"column":14},"end":{"line":12,"column":36}}]},"4":{"type":"branch","line":12,"loc":{"start":{"line":12,"column":38},"end":{"line":16,"column":26}},"locations":[{"start":{"line":12,"column":38},"end":{"line":16,"column":26}}]},"5":{"type":"branch","line":18,"loc":{"start":{"line":18,"column":8},"end":{"line":33,"column":13}},"locations":[{"start":{"line":18,"column":8},"end":{"line":33,"column":13}}]},"6":{"type":"branch","line":28,"loc":{"start":{"line":28,"column":22},"end":{"line":28,"column":46}},"locations":[{"start":{"line":28,"column":22},"end":{"line":28,"column":46}}]},"7":{"type":"branch","line":28,"loc":{"start":{"line":28,"column":46},"end":{"line":29,"column":14}},"locations":[{"start":{"line":28,"column":46},"end":{"line":29,"column":14}}]},"8":{"type":"branch","line":39,"loc":{"start":{"line":39,"column":13},"end":{"line":41,"column":15}},"locations":[{"start":{"line":39,"column":13},"end":{"line":41,"column":15}}]},"9":{"type":"branch","line":44,"loc":{"start":{"line":44,"column":4},"end":{"line":49,"column":42}},"locations":[{"start":{"line":44,"column":4},"end":{"line":49,"column":42}}]},"10":{"type":"branch","line":49,"loc":{"start":{"line":49,"column":13},"end":{"line":49,"column":28}},"locations":[{"start":{"line":49,"column":13},"end":{"line":49,"column":28}}]},"11":{"type":"branch","line":49,"loc":{"start":{"line":49,"column":28},"end":{"line":49,"column":42}},"locations":[{"start":{"line":49,"column":28},"end":{"line":49,"column":42}}]},"12":{"type":"branch","line":49,"loc":{"start":{"line":49,"column":42},"end":{"line":60,"column":61}},"locations":[{"start":{"line":49,"column":42},"end":{"line":60,"column":61}}]},"13":{"type":"branch","line":57,"loc":{"start":{"line":57,"column":24},"end":{"line":60,"column":28}},"locations":[{"start":{"line":57,"column":24},"end":{"line":60,"column":28}}]},"14":{"type":"branch","line":58,"loc":{"start":{"line":58,"column":29},"end":{"line":59,"column":18}},"locations":[{"start":{"line":58,"column":29},"end":{"line":59,"column":18}}]},"15":{"type":"branch","line":59,"loc":{"start":{"line":59,"column":18},"end":{"line":59,"column":34}},"locations":[{"start":{"line":59,"column":18},"end":{"line":59,"column":34}}]},"16":{"type":"branch","line":59,"loc":{"start":{"line":59,"column":24},"end":{"line":60,"column":28}},"locations":[{"start":{"line":59,"column":24},"end":{"line":60,"column":28}}]},"17":{"type":"branch","line":60,"loc":{"start":{"line":60,"column":52},"end":{"line":71,"column":44}},"locations":[{"start":{"line":60,"column":52},"end":{"line":71,"column":44}}]},"18":{"type":"branch","line":64,"loc":{"start":{"line":64,"column":-1},"end":{"line":65,"column":14}},"locations":[{"start":{"line":64,"column":-1},"end":{"line":65,"column":14}}]},"19":{"type":"branch","line":65,"loc":{"start":{"line":65,"column":7},"end":{"line":71,"column":44}},"locations":[{"start":{"line":65,"column":7},"end":{"line":71,"column":44}}]},"20":{"type":"branch","line":68,"loc":{"start":{"line":68,"column":4},"end":{"line":71,"column":35}},"locations":[{"start":{"line":68,"column":4},"end":{"line":71,"column":35}}]},"21":{"type":"branch","line":71,"loc":{"start":{"line":71,"column":28},"end":{"line":86,"column":9}},"locations":[{"start":{"line":71,"column":28},"end":{"line":86,"column":9}}]},"22":{"type":"branch","line":73,"loc":{"start":{"line":73,"column":9},"end":{"line":81,"column":58}},"locations":[{"start":{"line":73,"column":9},"end":{"line":81,"column":58}}]},"23":{"type":"branch","line":77,"loc":{"start":{"line":77,"column":8},"end":{"line":81,"column":52}},"locations":[{"start":{"line":77,"column":8},"end":{"line":81,"column":52}}]},"24":{"type":"branch","line":81,"loc":{"start":{"line":81,"column":37},"end":{"line":81,"column":52}},"locations":[{"start":{"line":81,"column":37},"end":{"line":81,"column":52}}]}},"b":{"0":[8],"1":[8],"2":[7],"3":[1],"4":[2],"5":[3],"6":[2],"7":[1],"8":[1],"9":[16],"10":[3],"11":[13],"12":[13],"13":[39],"14":[12],"15":[4],"16":[35],"17":[6],"18":[4],"19":[2],"20":[2],"21":[6],"22":[16],"23":[13],"24":[1]},"fnMap":{"0":{"name":"<instance_members_initializer>","decl":{"start":{"line":1,"column":0},"end":{"line":1,"column":38}},"loc":{"start":{"line":1,"column":0},"end":{"line":1,"column":38}},"line":1},"1":{"name":"FluentSQLBuilder","decl":{"start":{"line":1,"column":21},"end":{"line":5,"column":13}},"loc":{"start":{"line":1,"column":21},"end":{"line":5,"column":13}},"line":1},"2":{"name":"for","decl":{"start":{"line":6,"column":12},"end":{"line":9,"column":5}},"loc":{"start":{"line":6,"column":12},"end":{"line":9,"column":5}},"line":6},"3":{"name":"limit","decl":{"start":{"line":11,"column":14},"end":{"line":12,"column":36}},"loc":{"start":{"line":11,"column":14},"end":{"line":12,"column":36}},"line":11},"4":{"name":"select","decl":{"start":{"line":12,"column":38},"end":{"line":16,"column":26}},"loc":{"start":{"line":12,"column":38},"end":{"line":16,"column":26}},"line":12},"5":{"name":"where","decl":{"start":{"line":18,"column":8},"end":{"line":33,"column":13}},"loc":{"start":{"line":18,"column":8},"end":{"line":33,"column":13}},"line":18},"6":{"name":"_performWhere","decl":{"start":{"line":44,"column":4},"end":{"line":49,"column":42}},"loc":{"start":{"line":44,"column":4},"end":{"line":49,"column":42}},"line":44},"7":{"name":"_performSelect","decl":{"start":{"line":49,"column":42},"end":{"line":60,"column":61}},"loc":{"start":{"line":49,"column":42},"end":{"line":60,"column":61}},"line":49},"8":{"name":"_performOrderBy","decl":{"start":{"line":60,"column":52},"end":{"line":71,"column":44}},"loc":{"start":{"line":60,"column":52},"end":{"line":71,"column":44}},"line":60},"9":{"name":"build","decl":{"start":{"line":71,"column":28},"end":{"line":86,"column":9}},"loc":{"start":{"line":71,"column":28},"end":{"line":86,"column":9}},"line":71}},"f":{"0":8,"1":8,"2":7,"3":1,"4":2,"5":3,"6":16,"7":13,"8":6,"9":6}}
}
