TN:
SF:src/fluentSQL.js
FN:1,<instance_members_initializer>
FN:1,FluentSQLBuilder
FN:6,for
FN:11,limit
FN:12,select
FN:18,where
FN:44,_performWhere
FN:49,_performSelect
FN:60,_performOrderBy
FN:71,build
FNF:10
FNH:10
FNDA:8,<instance_members_initializer>
FNDA:8,FluentSQLBuilder
FNDA:7,for
FNDA:1,limit
FNDA:2,select
FNDA:3,where
FNDA:16,_performWhere
FNDA:13,_performSelect
FNDA:6,_performOrderBy
FNDA:6,build
DA:1,1
DA:2,8
DA:3,8
DA:4,8
DA:5,1
DA:6,1
DA:7,7
DA:8,7
DA:9,7
DA:10,1
DA:11,1
DA:12,1
DA:13,2
DA:14,2
DA:15,2
DA:16,2
DA:17,1
DA:18,1
DA:19,3
DA:20,3
DA:21,3
DA:22,3
DA:23,3
DA:24,3
DA:25,3
DA:26,3
DA:27,3
DA:28,3
DA:29,3
DA:30,3
DA:31,3
DA:32,3
DA:33,1
DA:34,1
DA:35,1
DA:36,1
DA:37,1
DA:38,1
DA:39,1
DA:40,1
DA:41,1
DA:42,1
DA:43,1
DA:44,1
DA:45,16
DA:46,16
DA:47,16
DA:48,16
DA:49,1
DA:50,13
DA:51,13
DA:52,13
DA:53,13
DA:54,13
DA:55,13
DA:56,13
DA:57,13
DA:58,39
DA:59,39
DA:60,1
DA:61,6
DA:62,6
DA:63,6
DA:64,4
DA:65,6
DA:66,2
DA:67,2
DA:68,2
DA:69,2
DA:70,2
DA:71,1
DA:72,6
DA:73,6
DA:74,16
DA:75,16
DA:76,16
DA:77,16
DA:78,13
DA:79,13
DA:80,13
DA:81,16
DA:82,6
DA:83,6
DA:84,6
DA:85,6
DA:86,6
DA:87,1
DA:88,1
DA:89,1
DA:90,1
DA:91,1
LF:91
LH:91
BRDA:1,0,0,8
BRDA:1,1,0,8
BRDA:6,2,0,7
BRDA:11,3,0,1
BRDA:12,4,0,2
BRDA:18,5,0,3
BRDA:28,6,0,2
BRDA:28,7,0,1
BRDA:39,8,0,1
BRDA:44,9,0,16
BRDA:49,10,0,3
BRDA:49,11,0,13
BRDA:49,12,0,13
BRDA:57,13,0,39
BRDA:58,14,0,12
BRDA:59,15,0,4
BRDA:59,16,0,35
BRDA:60,17,0,6
BRDA:64,18,0,4
BRDA:65,19,0,2
BRDA:68,20,0,2
BRDA:71,21,0,6
BRDA:73,22,0,16
BRDA:77,23,0,13
BRDA:81,24,0,1
BRF:25
BRH:25
end_of_record
